<?xml version="1.0" encoding="UTF-8"?>
<!-- Generated by org.testng.reporters.JUnitReportReporter -->
<testsuite hostname="KastriotBlakajs-MacBook-Pro.local" failures="0" tests="4" name="groups.groupClass" time="0.009" errors="0" timestamp="2021-02-16T15:08:43 CET" skipped="0">
  <testcase classname="groups.groupClass" name="class4" time="0.001"/>
  <system-out/>
  <testcase classname="groups.groupClass" name="class3" time="0.001"/>
  <system-out/>
  <testcase classname="groups.groupClass" name="class1" time="0.006"/>
  <system-out/>
  <testcase classname="groups.groupClass" name="class2" time="0.001"/>
  <system-out/>
</testsuite> <!-- groups.groupClass -->
