<?xml version="1.0" encoding="UTF-8"?>
<!-- Generated by org.testng.reporters.JUnitReportReporter -->
<testsuite hostname="192.168.0.105" failures="0" tests="1" name="test.test" time="0.008" errors="0" timestamp="2021-02-15T23:05:43 CET" skipped="0">
  <testcase classname="test.test" name="maisn1" time="0.008"/>
  <system-out/>
</testsuite> <!-- test.test -->
