<?xml version="1.0" encoding="UTF-8"?>
<!-- Generated by org.testng.reporters.JUnitReportReporter -->
<testsuite hostname="KastriotBlakajs-MacBook-Pro.local" failures="0" tests="4" name="MultiDependency.multiTestDependency" time="0.008" errors="0" timestamp="2021-02-16T16:06:08 CET" skipped="0">
  <testcase classname="MultiDependency.multiTestDependency" name="init" time="0.000"/>
  <system-out/>
  <testcase classname="MultiDependency.multiTestDependency" name="process" time="0.002"/>
  <system-out/>
  <testcase classname="MultiDependency.multiTestDependency" name="stop" time="0.000"/>
  <system-out/>
  <testcase classname="MultiDependency.multiTestDependency" name="start" time="0.006"/>
  <system-out/>
</testsuite> <!-- MultiDependency.multiTestDependency -->
