<?xml version="1.0" encoding="UTF-8"?>
<!-- Generated by org.testng.reporters.JUnitReportReporter -->
<testsuite hostname="KastriotBlakajs-MacBook-Pro.local" failures="0" tests="4" name="dataProvider.TestParameterExample" time="0.006" errors="0" timestamp="2021-02-16T17:14:37 CET" skipped="0">
  <testcase classname="dataProvider.TestParameterExample" name="testAddition" time="0.000"/>
  <system-out/>
  <testcase classname="dataProvider.TestParameterExample" name="testAddition" time="0.001"/>
  <system-out/>
  <testcase classname="dataProvider.TestParameterExample" name="testAddition" time="0.005"/>
  <system-out/>
  <testcase classname="dataProvider.TestParameterExample" name="testAddition" time="0.000"/>
  <system-out/>
</testsuite> <!-- dataProvider.TestParameterExample -->
