<?xml version="1.0" encoding="UTF-8"?>
<!-- Generated by org.testng.reporters.JUnitReportReporter -->
<testsuite hostname="KastriotBlakajs-MacBook-Pro.local" failures="0" tests="2" name="test.TestParameters" time="0.008" errors="0" timestamp="2021-02-16T16:21:40 CET" skipped="0">
  <testcase classname="test.TestParameters" name="testCaseOne" time="0.007"/>
  <system-out/>
  <testcase classname="test.TestParameters" name="testCaseTwo" time="0.001"/>
  <system-out/>
</testsuite> <!-- test.TestParameters -->
