<?xml version="1.0" encoding="UTF-8"?>
<!-- Generated by org.testng.reporters.JUnitReportReporter -->
<testsuite hostname="KastriotBlakajs-MacBook-Pro.local" failures="0" tests="1" name="test.test" time="0.005" errors="0" timestamp="2021-02-16T14:57:41 CET" skipped="0">
  <testcase classname="test.test" name="maisn1" time="0.005"/>
  <system-out/>
</testsuite> <!-- test.test -->
